nohup: ignoring input
开始抓取: https://szzdjc.cnemc.cn:8070/GJZ/Business/Publish/Main.html
Traceback (most recent call last):
  File "/home/app/Agents/water_info_crawler/main.py", line 34, in <module>
    sys.exit(main())
             ~~~~^^
  File "/home/app/Agents/water_info_crawler/main.py", line 23, in main
    sheets_data = run_crawl()
  File "/home/app/Agents/water_info_crawler/crawler.py", line 729, in run
    return asyncio.run(run_crawl())
           ~~~~~~~~~~~^^^^^^^^^^^^^
  File "/home/app/miniconda3/lib/python3.13/asyncio/runners.py", line 195, in run
    return runner.run(main)
           ~~~~~~~~~~^^^^^^
  File "/home/app/miniconda3/lib/python3.13/asyncio/runners.py", line 118, in run
    return self._loop.run_until_complete(task)
           ~~~~~~~~~~~~~~~~~~~~~~~~~~~~~^^^^^^
  File "/home/app/miniconda3/lib/python3.13/asyncio/base_events.py", line 725, in run_until_complete
    return future.result()
           ~~~~~~~~~~~~~^^
  File "/home/app/Agents/water_info_crawler/crawler.py", line 485, in run_crawl
    browser = await p.chromium.launch(**launch_opts)
              ^^^^^^^^^^^^^^^^^^^^^^^^^^^^^^^^^^^^^^
  File "/home/app/miniconda3/lib/python3.13/site-packages/playwright/async_api/_generated.py", line 14547, in launch
    await self._impl_obj.launch(
    ...<16 lines>...
    )
  File "/home/app/miniconda3/lib/python3.13/site-packages/playwright/_impl/_browser_type.py", line 97, in launch
    await self._channel.send(
        "launch", TimeoutSettings.launch_timeout, params
    )
  File "/home/app/miniconda3/lib/python3.13/site-packages/playwright/_impl/_connection.py", line 69, in send
    return await self._connection.wrap_api_call(
           ^^^^^^^^^^^^^^^^^^^^^^^^^^^^^^^^^^^^^
    ...<3 lines>...
    )
    ^
  File "/home/app/miniconda3/lib/python3.13/site-packages/playwright/_impl/_connection.py", line 559, in wrap_api_call
    raise rewrite_error(error, f"{parsed_st['apiName']}: {error}") from None
playwright._impl._errors.TargetClosedError: BrowserType.launch: Target page, context or browser has been closed
Browser logs:

<launching> /home/app/.cache/ms-playwright/chromium-1208/chrome-linux64/chrome --disable-field-trial-config --disable-background-networking --disable-background-timer-throttling --disable-backgrounding-occluded-windows --disable-back-forward-cache --disable-breakpad --disable-client-side-phishing-detection --disable-component-extensions-with-background-pages --disable-component-update --no-default-browser-check --disable-default-apps --disable-dev-shm-usage --disable-extensions --disable-features=AvoidUnnecessaryBeforeUnloadCheckSync,BoundaryEventDispatchTracksNodeRemoval,DestroyProfileOnBrowserClose,DialMediaRouteProvider,GlobalMediaControls,HttpsUpgrades,LensOverlay,MediaRouter,PaintHolding,ThirdPartyStoragePartitioning,Translate,AutoDeElevate,RenderDocument,OptimizationHints --enable-features=CDPScreenshotNewSurface --allow-pre-commit-input --disable-hang-monitor --disable-ipc-flooding-protection --disable-popup-blocking --disable-prompt-on-repost --disable-renderer-backgrounding --force-color-profile=srgb --metrics-recording-only --no-first-run --password-store=basic --use-mock-keychain --no-service-autorun --export-tagged-pdf --disable-search-engine-choice-screen --unsafely-disable-devtools-self-xss-warnings --edge-skip-compat-layer-relaunch --enable-automation --disable-infobars --disable-search-engine-choice-screen --disable-sync --enable-unsafe-swiftshader --headless --hide-scrollbars --mute-audio --blink-settings=primaryHoverType=2,availableHoverTypes=2,primaryPointerType=4,availablePointerTypes=4 --no-sandbox --user-data-dir=/tmp/playwright_chromiumdev_profile-rKDgkW --remote-debugging-pipe --no-startup-window
<launched> pid=3760168
[pid=3760168][err] /home/app/.cache/ms-playwright/chromium-1208/chrome-linux64/chrome: error while loading shared libraries: libatk-1.0.so.0: cannot open shared object file: No such file or directory
Call log:
  - <launching> /home/app/.cache/ms-playwright/chromium-1208/chrome-linux64/chrome --disable-field-trial-config --disable-background-networking --disable-background-timer-throttling --disable-backgrounding-occluded-windows --disable-back-forward-cache --disable-breakpad --disable-client-side-phishing-detection --disable-component-extensions-with-background-pages --disable-component-update --no-default-browser-check --disable-default-apps --disable-dev-shm-usage --disable-extensions --disable-features=AvoidUnnecessaryBeforeUnloadCheckSync,BoundaryEventDispatchTracksNodeRemoval,DestroyProfileOnBrowserClose,DialMediaRouteProvider,GlobalMediaControls,HttpsUpgrades,LensOverlay,MediaRouter,PaintHolding,ThirdPartyStoragePartitioning,Translate,AutoDeElevate,RenderDocument,OptimizationHints --enable-features=CDPScreenshotNewSurface --allow-pre-commit-input --disable-hang-monitor --disable-ipc-flooding-protection --disable-popup-blocking --disable-prompt-on-repost --disable-renderer-backgrounding --force-color-profile=srgb --metrics-recording-only --no-first-run --password-store=basic --use-mock-keychain --no-service-autorun --export-tagged-pdf --disable-search-engine-choice-screen --unsafely-disable-devtools-self-xss-warnings --edge-skip-compat-layer-relaunch --enable-automation --disable-infobars --disable-search-engine-choice-screen --disable-sync --enable-unsafe-swiftshader --headless --hide-scrollbars --mute-audio --blink-settings=primaryHoverType=2,availableHoverTypes=2,primaryPointerType=4,availablePointerTypes=4 --no-sandbox --user-data-dir=/tmp/playwright_chromiumdev_profile-rKDgkW --remote-debugging-pipe --no-startup-window
  - <launched> pid=3760168
  - [pid=3760168][err] /home/app/.cache/ms-playwright/chromium-1208/chrome-linux64/chrome: error while loading shared libraries: libatk-1.0.so.0: cannot open shared object file: No such file or directory
  - [pid=3760168] <gracefully close start>
  - [pid=3760168] <kill>
  - [pid=3760168] <will force kill>
  - [pid=3760168] exception while trying to kill process: Error: kill ESRCH
  - [pid=3760168] <process did exit: exitCode=127, signal=null>
  - [pid=3760168] starting temporary directories cleanup
  - [pid=3760168] finished temporary directories cleanup
  - [pid=3760168] <gracefully close end>

